<?xml version="1.0" encoding="UTF-8"?>
<testsuite name="TraderTest" tests="3" skipped="0" failures="0" errors="0" timestamp="2022-10-09T14:25:00" hostname="sunny-zenbookux433faux433fa" time="0.009">
  <properties/>
  <testcase name="TestEmptyConstructor" classname="TraderTest" time="0.005"/>
  <testcase name="TestAddToWishlist" classname="TraderTest" time="0.003"/>
  <testcase name="TestGetSellingPrice" classname="TraderTest" time="0.001"/>
  <system-out><![CDATA[]]></system-out>
  <system-err><![CDATA[]]></system-err>
</testsuite>
